2019-06-12 开启--------------------
09:32:17:939 版本:V7.46
09:33:30:008 进入主框架
09:33:32:313 获取zhb.zip并解压
09:33:32:351 更新F:\new_tdx\zdcomte.dat
09:33:38:992 后台数据完成
09:41:35:228 关闭主框架
2019-06-12 09:41:35 关闭-----------

2019-06-12 开启--------------------
14:20:48:855 版本:V7.46
2019-06-12 14:26:07 关闭-----------

2019-06-12 开启--------------------
14:26:13:899 版本:V7.46
2019-06-12 14:28:27 关闭-----------

2019-06-12 开启--------------------
14:28:42:291 版本:V7.46
2019-06-12 14:28:59 关闭-----------

2019-06-12 开启--------------------
14:29:02:415 版本:V7.46
2019-06-12 14:29:39 关闭-----------

2019-06-12 开启--------------------
14:29:42:021 版本:V7.46
2019-06-12 14:29:46 关闭-----------

2019-06-12 开启--------------------
14:29:48:495 版本:V7.46
2019-06-12 14:29:49 关闭-----------

2019-06-12 开启--------------------
14:30:13:707 版本:V7.46
2019-06-12 14:30:18 关闭-----------

2019-06-12 开启--------------------
14:31:04:014 版本:V7.46
2019-06-12 14:31:10 关闭-----------

2019-06-12 开启--------------------
14:31:19:639 版本:V7.46
14:31:21:800 进入主框架
14:31:22:975 后台数据完成
14:32:07:844 关闭主框架
2019-06-12 14:32:07 关闭-----------

2019-06-12 开启--------------------
14:32:53:630 版本:V7.46
14:32:55:803 进入主框架
14:32:56:981 后台数据完成
14:33:19:402 关闭主框架
2019-06-12 14:33:19 关闭-----------

2019-06-12 开启--------------------
14:34:50:630 版本:V7.46
14:34:52:798 进入主框架
14:34:53:952 后台数据完成
14:38:41:687 关闭主框架
2019-06-12 14:38:41 关闭-----------

2019-06-12 开启--------------------
14:38:46:095 版本:V7.46
14:38:48:179 进入主框架
14:38:49:359 后台数据完成
14:39:54:797 关闭主框架
2019-06-12 14:39:54 关闭-----------

2019-06-12 开启--------------------
14:39:57:645 版本:V7.46
14:39:59:763 进入主框架
14:40:00:938 后台数据完成
14:40:52:863 关闭主框架
2019-06-12 14:40:52 关闭-----------

2019-06-12 开启--------------------
14:40:55:612 版本:V7.46
14:40:57:632 进入主框架
14:40:58:834 后台数据完成
14:41:34:114 关闭主框架
2019-06-12 14:41:34 关闭-----------

2019-06-12 开启--------------------
14:41:37:520 版本:V7.46
14:41:39:643 进入主框架
14:41:40:796 后台数据完成
14:42:57:410 关闭主框架
2019-06-12 14:42:57 关闭-----------

2019-06-12 开启--------------------
14:43:04:426 版本:V7.46
14:43:06:640 进入主框架
14:43:07:827 后台数据完成
14:44:56:229 关闭主框架
2019-06-12 14:44:56 关闭-----------

2019-06-12 开启--------------------
14:45:16:453 版本:V7.46
14:45:18:648 进入主框架
14:45:19:836 后台数据完成
14:46:50:433 关闭主框架
2019-06-12 14:46:50 关闭-----------

2019-06-12 开启--------------------
15:03:15:043 版本:V7.46
2019-06-12 15:03:31 关闭-----------

2019-06-12 开启--------------------
15:03:37:927 版本:V7.46
15:03:39:963 进入主框架
15:03:41:164 后台数据完成
15:04:13:658 关闭主框架
2019-06-12 15:04:13 关闭-----------

2019-06-12 开启--------------------
15:04:18:843 版本:V7.46
15:04:20:825 进入主框架
15:04:21:995 后台数据完成
15:04:42:447 关闭主框架
2019-06-12 15:04:42 关闭-----------

2019-06-12 开启--------------------
15:04:47:313 版本:V7.46
15:04:49:390 进入主框架
15:04:50:579 后台数据完成
15:05:02:317 关闭主框架
2019-06-12 15:05:02 关闭-----------

2019-06-12 开启--------------------
15:05:57:821 版本:V7.46
15:06:01:607 进入主框架
15:06:02:759 后台数据完成
15:08:20:196 关闭主框架
2019-06-12 15:08:20 关闭-----------

2019-06-12 开启--------------------
15:08:26:046 版本:V7.46
15:08:28:179 进入主框架
15:08:29:357 后台数据完成
15:08:52:376 关闭主框架
2019-06-12 15:08:52 关闭-----------

2019-06-12 开启--------------------
15:09:02:602 版本:V7.46
15:09:04:824 进入主框架
15:09:06:376 后台数据完成
15:30:53:583 关闭主框架
2019-06-12 15:30:53 关闭-----------

2019-08-28 开启--------------------
16:03:44:490 版本:V7.46
16:04:33:267 进入主框架
16:04:36:772 获取zhb.zip并解压
16:04:36:852 更新F:\new_tdx\zdcomte.dat
16:04:44:072 后台数据完成
2019-11-11 开启--------------------
11:22:39:157 版本:V7.46
11:22:45:937 进入主框架
11:23:28:519 关闭主框架
2019-11-11 11:23:28 关闭-----------

